<?xml version="1.0" encoding="UTF-8"?>
<!-- Generated by org.testng.reporters.JUnitReportReporter -->
<testsuite hostname="LAPTOP-JN0A0H06" failures="0" tests="1" name="jsonPractice.JSonPractice" time="0.013" errors="0" timestamp="2023-11-02T01:07:29 IST" skipped="0">
  <testcase classname="jsonPractice.JSonPractice" name="pract" time="0.013"/>
  <system-out/>
</testsuite> <!-- jsonPractice.JSonPractice -->
