<?xml version="1.0" encoding="UTF-8"?>
<!-- Generated by org.testng.reporters.JUnitReportReporter -->
<testsuite hostname="LAPTOP-JN0A0H06" failures="0" tests="1" name="exercisePractice.Google" time="5.765" errors="0" timestamp="2023-09-23T00:54:19 IST" skipped="0">
  <testcase classname="exercisePractice.Google" name="google" time="5.765"/>
  <system-out/>
</testsuite> <!-- exercisePractice.Google -->
