<?xml version="1.0" encoding="UTF-8"?>
<!-- Generated by org.testng.reporters.JUnitReportReporter -->
<testsuite hostname="LAPTOP-JN0A0H06" failures="0" tests="1" name="jsonPractice.JsonClass" time="0.016" errors="0" timestamp="2023-10-31T10:44:04 IST" skipped="0">
  <testcase classname="jsonPractice.JsonClass" name="jsonMethod" time="0.016"/>
  <system-out/>
</testsuite> <!-- jsonPractice.JsonClass -->
