<?xml version="1.0" encoding="UTF-8"?>
<!-- Generated by org.testng.reporters.JUnitReportReporter -->
<testsuite hostname="LAPTOP-JN0A0H06" failures="0" tests="4" name="exercisePractice.Ebay" time="19.775" errors="0" timestamp="2023-09-23T03:28:12 IST" skipped="0">
  <testcase classname="exercisePractice.Ebay" name="allProducts" time="16.989"/>
  <system-out/>
  <testcase classname="exercisePractice.Ebay" name="totalItems" time="0.120"/>
  <system-out/>
  <testcase classname="exercisePractice.Ebay" name="nthProduct" time="0.342"/>
  <system-out/>
  <testcase classname="exercisePractice.Ebay" name="firstPageProducts" time="2.324"/>
  <system-out/>
</testsuite> <!-- exercisePractice.Ebay -->
