<?xml version="1.0" encoding="UTF-8"?>
<!-- Generated by org.testng.reporters.JUnitReportReporter -->
<testsuite hostname="LAPTOP-JN0A0H06" failures="0" tests="1" name="seleniumPractice.WebTablePractice" time="7.937" errors="0" timestamp="2023-09-18T02:58:19 IST" skipped="0">
  <testcase classname="seleniumPractice.WebTablePractice" name="webTableMethod" time="7.937"/>
  <system-out/>
</testsuite> <!-- seleniumPractice.WebTablePractice -->
