<?xml version="1.0" encoding="UTF-8"?>
<!-- Generated by org.testng.reporters.JUnitReportReporter -->
<testsuite hostname="LAPTOP-JN0A0H06" failures="0" tests="1" name="Mappings" time="1.294" errors="0" timestamp="2023-10-05T10:54:29 IST" skipped="0">
  <testcase classname="Mappings" name="mapps" time="1.294"/>
  <system-out/>
</testsuite> <!-- Mappings -->
