<?xml version="1.0" encoding="UTF-8"?>
<!-- Generated by org.testng.reporters.JUnitReportReporter -->
<testsuite hostname="LAPTOP-JN0A0H06" failures="0" tests="1" name="regex.CharacterCount" time="0.009" errors="0" timestamp="2023-12-18T16:42:01 IST" skipped="0">
  <testcase classname="regex.CharacterCount" name="ccount" time="0.009"/>
  <system-out/>
</testsuite> <!-- regex.CharacterCount -->
