<?xml version="1.0" encoding="UTF-8"?>
<!-- Generated by org.testng.reporters.JUnitReportReporter -->
<testsuite hostname="LAPTOP-JN0A0H06" failures="0" tests="1" name="javaFeature.DataTypes" time="0.002" errors="0" timestamp="2023-09-16T01:07:50 IST" skipped="0">
  <testcase classname="javaFeature.DataTypes" name="dt" time="0.002"/>
  <system-out/>
</testsuite> <!-- javaFeature.DataTypes -->
