<?xml version="1.0" encoding="UTF-8"?>
<!-- Generated by org.testng.reporters.JUnitReportReporter -->
<testsuite hostname="LAPTOP-JN0A0H06" failures="0" tests="1" name="exercisePractice.Snapdeal" time="7.062" errors="0" timestamp="2023-09-23T17:12:50 IST" skipped="0">
  <testcase classname="exercisePractice.Snapdeal" name="snapdeal" time="7.062"/>
  <system-out/>
</testsuite> <!-- exercisePractice.Snapdeal -->
