<?xml version="1.0" encoding="UTF-8"?>
<!-- Generated by org.testng.reporters.JUnitReportReporter -->
<testsuite hostname="LAPTOP-JN0A0H06" failures="0" tests="2" name="testngPractice.DataProvider" time="0.006" errors="0" timestamp="2023-10-17T13:30:44 IST" skipped="0">
  <testcase classname="testngPractice.DataProvider" name="dtm" time="0.001"/>
  <system-out/>
  <testcase classname="testngPractice.DataProvider" name="dtm" time="0.005"/>
  <system-out/>
</testsuite> <!-- testngPractice.DataProvider -->
