<?xml version="1.0" encoding="UTF-8"?>
<!-- Generated by org.testng.reporters.JUnitReportReporter -->
<testsuite hostname="LAPTOP-JN0A0H06" failures="0" tests="1" name="exercisePractice.NumberOfLinks" time="39.973" errors="0" timestamp="2023-09-23T02:33:49 IST" skipped="0">
  <testcase classname="exercisePractice.NumberOfLinks" name="noOfLinks" time="39.973"/>
  <system-out/>
</testsuite> <!-- exercisePractice.NumberOfLinks -->
