<?xml version="1.0" encoding="UTF-8"?>
<!-- Generated by org.testng.reporters.JUnitReportReporter -->
<testsuite hostname="LAPTOP-JN0A0H06" failures="0" tests="1" name="collections.ArmstrongNumber" time="2.194" errors="0" timestamp="2023-12-19T10:33:55 IST" skipped="0">
  <testcase classname="collections.ArmstrongNumber" name="arm" time="2.194"/>
  <system-out/>
</testsuite> <!-- collections.ArmstrongNumber -->
