<?xml version="1.0" encoding="UTF-8"?>
<!-- Generated by org.testng.reporters.JUnitReportReporter -->
<testsuite hostname="LAPTOP-JN0A0H06" failures="0" tests="1" name="arunMootori.SeleniumPractice" time="6.349" errors="0" timestamp="2023-11-29T21:00:36 IST" skipped="0">
  <testcase classname="arunMootori.SeleniumPractice" name="seleniumTest" time="6.349"/>
  <system-out/>
</testsuite> <!-- arunMootori.SeleniumPractice -->
