<?xml version="1.0" encoding="UTF-8"?>
<!-- Generated by org.testng.reporters.JUnitReportReporter -->
<testsuite hostname="LAPTOP-JN0A0H06" failures="0" tests="2" name="stringPractice.Stringss" time="0.015" errors="0" timestamp="2023-10-05T01:05:20 IST" skipped="0">
  <testcase classname="stringPractice.Stringss" name="substrings" time="0.013"/>
  <system-out/>
  <testcase classname="stringPractice.Stringss" name="substrings1" time="0.002"/>
  <system-out/>
</testsuite> <!-- stringPractice.Stringss -->
