<?xml version="1.0" encoding="UTF-8"?>
<!-- Generated by org.testng.reporters.JUnitReportReporter -->
<testsuite hostname="LAPTOP-JN0A0H06" failures="0" tests="1" name="stringPractice.HoursMinutesSeconds" time="2.904" errors="0" timestamp="2023-10-05T01:45:04 IST" skipped="0">
  <testcase classname="stringPractice.HoursMinutesSeconds" name="hms" time="2.904"/>
  <system-out/>
</testsuite> <!-- stringPractice.HoursMinutesSeconds -->
