<?xml version="1.0" encoding="UTF-8"?>
<!-- Generated by org.testng.reporters.JUnitReportReporter -->
<testsuite hostname="LAPTOP-JN0A0H06" failures="0" tests="1" name="forLoops.Table" time="1.851" errors="0" timestamp="2023-10-04T21:58:18 IST" skipped="0">
  <testcase classname="forLoops.Table" name="table" time="1.851"/>
  <system-out/>
</testsuite> <!-- forLoops.Table -->
