<?xml version="1.0" encoding="UTF-8"?>
<!-- Generated by org.testng.reporters.JUnitReportReporter -->
<testsuite hostname="LAPTOP-JN0A0H06" failures="0" tests="1" name="seleniumPractice.iPhoneClass" time="20.945" errors="0" timestamp="2023-12-14T06:34:17 IST" skipped="0">
  <testcase classname="seleniumPractice.iPhoneClass" name="iphone" time="20.945"/>
  <system-out/>
</testsuite> <!-- seleniumPractice.iPhoneClass -->
