<?xml version="1.0" encoding="UTF-8"?>
<!-- Generated by org.testng.reporters.JUnitReportReporter -->
<testsuite hostname="LAPTOP-JN0A0H06" failures="0" tests="1" name="javaFeature.SwitchCaseExcel" time="0.524" errors="0" timestamp="2023-09-16T01:07:50 IST" skipped="0">
  <testcase classname="javaFeature.SwitchCaseExcel" name="ex" time="0.524"/>
  <system-out/>
</testsuite> <!-- javaFeature.SwitchCaseExcel -->
