<?xml version="1.0" encoding="UTF-8"?>
<!-- Generated by org.testng.reporters.JUnitReportReporter -->
<testsuite hostname="LAPTOP-JN0A0H06" failures="0" tests="1" name="MarksAverage" time="2.849" errors="0" timestamp="2023-10-05T10:33:38 IST" skipped="0">
  <testcase classname="MarksAverage" name="averageMarks" time="2.849"/>
  <system-out/>
</testsuite> <!-- MarksAverage -->
