<?xml version="1.0" encoding="UTF-8"?>
<!-- Generated by org.testng.reporters.JUnitReportReporter -->
<testsuite hostname="LAPTOP-JN0A0H06" failures="0" tests="1" name="LoopsPattern.RightTriangle" time="0.006" errors="0" timestamp="2023-10-17T23:49:05 IST" skipped="0">
  <testcase classname="LoopsPattern.RightTriangle" name="rtriangle" time="0.006"/>
  <system-out/>
</testsuite> <!-- LoopsPattern.RightTriangle -->
