<?xml version="1.0" encoding="UTF-8"?>
<!-- Generated by org.testng.reporters.JUnitReportReporter -->
<testsuite hostname="LAPTOP-JN0A0H06" failures="0" tests="1" name="javaFeature.HashMapArray" time="20.479" errors="0" timestamp="2023-09-25T11:21:39 IST" skipped="0">
  <testcase classname="javaFeature.HashMapArray" name="hma" time="20.479"/>
  <system-out/>
</testsuite> <!-- javaFeature.HashMapArray -->
