<?xml version="1.0" encoding="UTF-8"?>
<!-- Generated by org.testng.reporters.JUnitReportReporter -->
<testsuite hostname="LAPTOP-JN0A0H06" failures="0" tests="1" name="others.UrlAuthentication" time="25.043" errors="0" timestamp="2023-10-29T21:29:25 IST" skipped="0">
  <testcase classname="others.UrlAuthentication" name="checkUrl" time="25.043"/>
  <system-out/>
</testsuite> <!-- others.UrlAuthentication -->
