<?xml version="1.0" encoding="UTF-8"?>
<!-- Generated by org.testng.reporters.JUnitReportReporter -->
<testsuite hostname="LAPTOP-JN0A0H06" failures="0" tests="1" name="javaFeature.PrimeNumbers" time="2.136" errors="0" timestamp="2023-09-26T00:56:45 IST" skipped="0">
  <testcase classname="javaFeature.PrimeNumbers" name="pm" time="2.136"/>
  <system-out/>
</testsuite> <!-- javaFeature.PrimeNumbers -->
