<?xml version="1.0" encoding="UTF-8"?>
<!-- Generated by org.testng.reporters.JUnitReportReporter -->
<testsuite hostname="LAPTOP-JN0A0H06" failures="0" tests="1" name="seleniumPractice.Amazon" time="15.217" errors="0" timestamp="2023-09-22T01:19:22 IST" skipped="0">
  <testcase classname="seleniumPractice.Amazon" name="amazon" time="15.217"/>
  <system-out/>
</testsuite> <!-- seleniumPractice.Amazon -->
