<?xml version="1.0" encoding="UTF-8"?>
<!-- Generated by org.testng.reporters.JUnitReportReporter -->
<testsuite hostname="LAPTOP-JN0A0H06" failures="0" tests="1" name="stringPractice.PigLatinWord" time="0.012" errors="0" timestamp="2023-10-05T01:30:23 IST" skipped="0">
  <testcase classname="stringPractice.PigLatinWord" name="plw" time="0.012"/>
  <system-out/>
</testsuite> <!-- stringPractice.PigLatinWord -->
