<?xml version="1.0" encoding="UTF-8"?>
<!-- Generated by org.testng.reporters.JUnitReportReporter -->
<testsuite hostname="LAPTOP-JN0A0H06" failures="0" tests="1" name="constructor.ThirdClass" time="0.009" errors="0" timestamp="2023-10-17T12:08:39 IST" skipped="0">
  <testcase classname="constructor.ThirdClass" name="c" time="0.009"/>
  <system-out/>
</testsuite> <!-- constructor.ThirdClass -->
