<?xml version="1.0" encoding="UTF-8"?>
<!-- Generated by org.testng.reporters.JUnitReportReporter -->
<testsuite hostname="LAPTOP-JN0A0H06" failures="0" tests="1" name="IfElseLadder" time="2.665" errors="0" timestamp="2023-10-05T02:05:06 IST" skipped="0">
  <testcase classname="IfElseLadder" name="ladder" time="2.665"/>
  <system-out/>
</testsuite> <!-- IfElseLadder -->
