<?xml version="1.0" encoding="UTF-8"?>
<!-- Generated by org.testng.reporters.JUnitReportReporter -->
<testsuite hostname="LAPTOP-JN0A0H06" failures="0" tests="1" name="exercisePractice.QATechHub" time="11.387" errors="0" timestamp="2023-09-23T01:32:12 IST" skipped="0">
  <testcase classname="exercisePractice.QATechHub" name="qaTechHub" time="11.387"/>
  <system-out/>
</testsuite> <!-- exercisePractice.QATechHub -->
