<?xml version="1.0" encoding="UTF-8"?>
<!-- Generated by org.testng.reporters.JUnitReportReporter -->
<testsuite hostname="LAPTOP-JN0A0H06" failures="0" tests="1" name="collections.CheckingOrder" time="0.011" errors="0" timestamp="2023-12-19T12:16:01 IST" skipped="0">
  <testcase classname="collections.CheckingOrder" name="ordering" time="0.011"/>
  <system-out/>
</testsuite> <!-- collections.CheckingOrder -->
