<?xml version="1.0" encoding="UTF-8"?>
<!-- Generated by org.testng.reporters.JUnitReportReporter -->
<testsuite hostname="LAPTOP-JN0A0H06" failures="0" tests="1" name="RegexExpress" time="0.006" errors="0" timestamp="2023-10-15T19:46:22 IST" skipped="0">
  <testcase classname="RegexExpress" name="check" time="0.006"/>
  <system-out/>
</testsuite> <!-- RegexExpress -->
