<?xml version="1.0" encoding="UTF-8"?>
<!-- Generated by org.testng.reporters.JUnitReportReporter -->
<testsuite hostname="LAPTOP-JN0A0H06" failures="0" tests="1" name="base.Frames" time="4.779" errors="0" timestamp="2023-09-16T01:07:50 IST" skipped="0">
  <testcase classname="base.Frames" name="am" time="4.779"/>
  <system-out/>
</testsuite> <!-- base.Frames -->
