<?xml version="1.0" encoding="UTF-8"?>
<!-- Generated by org.testng.reporters.JUnitReportReporter -->
<testsuite hostname="LAPTOP-JN0A0H06" failures="0" tests="1" name="forLoops.Print1to10" time="0.009" errors="0" timestamp="2023-10-04T21:50:26 IST" skipped="0">
  <testcase classname="forLoops.Print1to10" name="printFirstTen" time="0.009"/>
  <system-out/>
</testsuite> <!-- forLoops.Print1to10 -->
