<?xml version="1.0" encoding="UTF-8"?>
<!-- Generated by org.testng.reporters.JUnitReportReporter -->
<testsuite hostname="LAPTOP-JN0A0H06" failures="0" tests="1" name="arrayss.TenArraysSum" time="12.313" errors="0" timestamp="2023-10-05T22:53:57 IST" skipped="0">
  <testcase classname="arrayss.TenArraysSum" name="arrays" time="12.313"/>
  <system-out/>
</testsuite> <!-- arrayss.TenArraysSum -->
