<?xml version="1.0" encoding="UTF-8"?>
<!-- Generated by org.testng.reporters.JUnitReportReporter -->
<testsuite hostname="LAPTOP-JN0A0H06" failures="0" tests="1" name="forLoops.Patternt1" time="0.012" errors="0" timestamp="2023-10-04T23:27:22 IST" skipped="0">
  <testcase classname="forLoops.Patternt1" name="pt" time="0.012"/>
  <system-out/>
</testsuite> <!-- forLoops.Patternt1 -->
