<?xml version="1.0" encoding="UTF-8"?>
<!-- Generated by org.testng.reporters.JUnitReportReporter -->
<testsuite hostname="LAPTOP-JN0A0H06" failures="0" tests="1" name="javaFeature.Pallidrom" time="5.683" errors="0" timestamp="2023-09-25T14:08:29 IST" skipped="0">
  <testcase classname="javaFeature.Pallidrom" name="pallindrome" time="5.683"/>
  <system-out/>
</testsuite> <!-- javaFeature.Pallidrom -->
