<?xml version="1.0" encoding="UTF-8"?>
<!-- Generated by org.testng.reporters.JUnitReportReporter -->
<testsuite hostname="LAPTOP-JN0A0H06" failures="0" tests="3" name="testngPractice.DP" time="18.357" errors="0" timestamp="2023-11-19T15:01:52 IST" skipped="0">
  <testcase classname="testngPractice.DP" name="dataProvider" time="5.823"/>
  <system-out/>
  <testcase classname="testngPractice.DP" name="dataProvider" time="7.921"/>
  <system-out/>
  <testcase classname="testngPractice.DP" name="dataProvider" time="4.613"/>
  <system-out/>
</testsuite> <!-- testngPractice.DP -->
