<?xml version="1.0" encoding="UTF-8"?>
<!-- Generated by org.testng.reporters.JUnitReportReporter -->
<testsuite hostname="LAPTOP-JN0A0H06" failures="0" tests="1" name="jsonPractice.Calci" time="13.420" errors="0" timestamp="2023-11-02T01:12:22 IST" skipped="0">
  <testcase classname="jsonPractice.Calci" name="tes" time="13.420"/>
  <system-out/>
</testsuite> <!-- jsonPractice.Calci -->
