<?xml version="1.0" encoding="UTF-8"?>
<!-- Generated by org.testng.reporters.JUnitReportReporter -->
<testsuite hostname="LAPTOP-JN0A0H06" failures="0" tests="1" name="javaFeature.Sorting" time="0.009" errors="0" timestamp="2023-09-26T00:23:10 IST" skipped="0">
  <testcase classname="javaFeature.Sorting" name="sorting" time="0.009"/>
  <system-out/>
</testsuite> <!-- javaFeature.Sorting -->
