<?xml version="1.0" encoding="UTF-8"?>
<!-- Generated by org.testng.reporters.JUnitReportReporter -->
<testsuite hostname="LAPTOP-JN0A0H06" failures="0" tests="1" name="javaFeature.Inheritance" time="0.003" errors="0" timestamp="2023-09-16T01:07:50 IST" skipped="0">
  <testcase classname="javaFeature.Inheritance" name="c" time="0.003"/>
  <system-out/>
</testsuite> <!-- javaFeature.Inheritance -->
