<?xml version="1.0" encoding="UTF-8"?>
<!-- Generated by org.testng.reporters.JUnitReportReporter -->
<testsuite hostname="LAPTOP-JN0A0H06" failures="0" tests="1" name="Base.ArunMootri" time="15.211" errors="0" timestamp="2023-09-10T00:38:29 IST" skipped="0">
  <testcase classname="Base.ArunMootri" name="am" time="15.211"/>
  <system-out/>
</testsuite> <!-- Base.ArunMootri -->
