<?xml version="1.0" encoding="UTF-8"?>
<!-- Generated by org.testng.reporters.JUnitReportReporter -->
<testsuite hostname="LAPTOP-JN0A0H06" failures="0" tests="1" name="list.ComparingTwoList" time="0.009" errors="0" timestamp="2023-10-18T00:44:15 IST" skipped="0">
  <testcase classname="list.ComparingTwoList" name="abc" time="0.009"/>
  <system-out/>
</testsuite> <!-- list.ComparingTwoList -->
