<?xml version="1.0" encoding="UTF-8"?>
<!-- Generated by org.testng.reporters.JUnitReportReporter -->
<testsuite hostname="LAPTOP-JN0A0H06" failures="0" tests="1" name="javaFeature.WhileLoop" time="0.001" errors="0" timestamp="2023-09-16T01:07:50 IST" skipped="0">
  <testcase classname="javaFeature.WhileLoop" name="wl" time="0.001"/>
  <system-out/>
</testsuite> <!-- javaFeature.WhileLoop -->
