<?xml version="1.0" encoding="UTF-8"?>
<!-- Generated by org.testng.reporters.JUnitReportReporter -->
<testsuite hostname="LAPTOP-JN0A0H06" failures="0" tests="1" name="stringPractice.SplitingString" time="0.010" errors="0" timestamp="2023-11-15T15:49:18 IST" skipped="0">
  <testcase classname="stringPractice.SplitingString" name="ss" time="0.010"/>
  <system-out/>
</testsuite> <!-- stringPractice.SplitingString -->
