<?xml version="1.0" encoding="UTF-8"?>
<!-- Generated by org.testng.reporters.JUnitReportReporter -->
<testsuite hostname="LAPTOP-JN0A0H06" failures="0" tests="1" name="seleniumPractice.AnotherAmazon" time="7.962" errors="0" timestamp="2023-09-23T01:14:48 IST" skipped="0">
  <testcase classname="seleniumPractice.AnotherAmazon" name="amazonTest" time="7.962"/>
  <system-out/>
</testsuite> <!-- seleniumPractice.AnotherAmazon -->
