<?xml version="1.0" encoding="UTF-8"?>
<!-- Generated by org.testng.reporters.JUnitReportReporter -->
<testsuite hostname="LAPTOP-JN0A0H06" failures="0" tests="1" name="arunMootori.MultiplicationOf2" time="0.014" errors="0" timestamp="2023-12-13T11:06:55 IST" skipped="0">
  <testcase classname="arunMootori.MultiplicationOf2" name="multiply" time="0.014"/>
  <system-out/>
</testsuite> <!-- arunMootori.MultiplicationOf2 -->
