<?xml version="1.0" encoding="UTF-8"?>
<!-- Generated by org.testng.reporters.JUnitReportReporter -->
<testsuite hostname="LAPTOP-JN0A0H06" failures="0" tests="1" name="methods.VowelCheck" time="13.290" errors="0" timestamp="2023-10-05T19:12:08 IST" skipped="0">
  <testcase classname="methods.VowelCheck" name="mainMethod" time="13.290"/>
  <system-out/>
</testsuite> <!-- methods.VowelCheck -->
