<?xml version="1.0" encoding="UTF-8"?>
<!-- Generated by org.testng.reporters.JUnitReportReporter -->
<testsuite hostname="LAPTOP-JN0A0H06" failures="0" tests="1" name="javaFeature.LargestAmongThree" time="4.934" errors="0" timestamp="2023-09-26T00:33:57 IST" skipped="0">
  <testcase classname="javaFeature.LargestAmongThree" name="largest" time="4.934"/>
  <system-out/>
</testsuite> <!-- javaFeature.LargestAmongThree -->
