<?xml version="1.0" encoding="UTF-8"?>
<!-- Generated by org.testng.reporters.JUnitReportReporter -->
<testsuite hostname="LAPTOP-JN0A0H06" failures="0" tests="1" name="forLoops.Pattern3" time="0.013" errors="0" timestamp="2023-10-05T00:29:43 IST" skipped="0">
  <testcase classname="forLoops.Pattern3" name="pt3" time="0.013"/>
  <system-out/>
</testsuite> <!-- forLoops.Pattern3 -->
