<?xml version="1.0" encoding="UTF-8"?>
<!-- Generated by org.testng.reporters.JUnitReportReporter -->
<testsuite hostname="LAPTOP-JN0A0H06" failures="0" tests="1" name="methods.OddEven" time="0.010" errors="0" timestamp="2023-10-05T13:02:25 IST" skipped="0">
  <testcase classname="methods.OddEven" name="test" time="0.010"/>
  <system-out/>
</testsuite> <!-- methods.OddEven -->
