<?xml version="1.0" encoding="UTF-8"?>
<!-- Generated by org.testng.reporters.JUnitReportReporter -->
<testsuite hostname="LAPTOP-JN0A0H06" failures="0" tests="1" name="testngPractice.TPS" time="0.011" errors="0" timestamp="2023-11-19T14:42:52 IST" skipped="0">
  <testcase classname="testngPractice.TPS" name="ab" time="0.011"/>
  <system-out/>
</testsuite> <!-- testngPractice.TPS -->
